<?xml version="1.0" encoding="UTF-8"?>
<testng-results ignored="0" total="2" passed="2" failed="0" skipped="0">
  <reporter-output>
  </reporter-output>
  <suite started-at="2025-01-09T23:15:40 GMT-08:00" name="Test Suite" finished-at="2025-01-09T23:15:56 GMT-08:00" duration-ms="16455">
    <groups>
    </groups>
    <test started-at="2025-01-09T23:15:40 GMT-08:00" name="Booking Test" finished-at="2025-01-09T23:15:56 GMT-08:00" duration-ms="16455">
      <class name="tests.BookingAPICall">
        <test-method signature="customerBooking()[pri:1, instance:tests.BookingAPICall@68999068]" started-at="2025-01-09T23:15:40 GMT-08:00" name="customerBooking" finished-at="2025-01-09T23:15:54 GMT-08:00" duration-ms="14423" status="PASS">
          <reporter-output>
          </reporter-output>
        </test-method> <!-- customerBooking -->
        <test-method signature="bookingRetrival()[pri:2, instance:tests.BookingAPICall@68999068]" started-at="2025-01-09T23:15:54 GMT-08:00" name="bookingRetrival" finished-at="2025-01-09T23:15:56 GMT-08:00" duration-ms="1877" status="PASS">
          <reporter-output>
          </reporter-output>
        </test-method> <!-- bookingRetrival -->
      </class> <!-- tests.BookingAPICall -->
    </test> <!-- Booking Test -->
  </suite> <!-- Test Suite -->
</testng-results>
