<?xml version="1.0" encoding="UTF-8"?>
<testng-results ignored="0" total="2" passed="2" failed="0" skipped="0">
  <reporter-output>
  </reporter-output>
  <suite started-at="2025-01-09T19:05:53 GMT-08:00" name="Test Suite" finished-at="2025-01-09T19:06:06 GMT-08:00" duration-ms="12749">
    <groups>
    </groups>
    <test started-at="2025-01-09T19:05:53 GMT-08:00" name="Booking Test" finished-at="2025-01-09T19:06:06 GMT-08:00" duration-ms="12749">
      <class name="tests.BookingAPICall">
        <test-method signature="customerBooking()[pri:1, instance:tests.BookingAPICall@130161f7]" started-at="2025-01-09T19:05:53 GMT-08:00" name="customerBooking" finished-at="2025-01-09T19:06:04 GMT-08:00" duration-ms="11032" status="PASS">
          <reporter-output>
          </reporter-output>
        </test-method> <!-- customerBooking -->
        <test-method signature="bookingRetrival()[pri:2, instance:tests.BookingAPICall@130161f7]" started-at="2025-01-09T19:06:04 GMT-08:00" name="bookingRetrival" finished-at="2025-01-09T19:06:06 GMT-08:00" duration-ms="1564" status="PASS">
          <reporter-output>
          </reporter-output>
        </test-method> <!-- bookingRetrival -->
      </class> <!-- tests.BookingAPICall -->
    </test> <!-- Booking Test -->
  </suite> <!-- Test Suite -->
</testng-results>
